[INFO]  2024-12-01 14:00:01 - UserID: 12345 - Service: Auth - Message: Login successful
[ERROR] 2024-12-01 14:05:15 - UserID: 12345 - Service: Auth - Message: Invalid credentials
[DEBUG] 2024-12-01 14:10:30 - Service: Payment - TransactionID: 98768 - Message: Payment processed
[WARN]  2024-12-01 14:15:45 - Service: API - Message: Deprecated API call used
[INFO]  2024-12-01 14:20:00 - UserID: 67890 - Service: Signup - Message: User registered successfully
[ERROR] 2024-12-01 14:25:20 - UserID: 67890 - Service: Signup - Message: Email already in use
[DEBUG] 2024-12-01 14:30:10 - Service: Notification - MessageID: 112233 - Message: Notification sent
[INFO]  2024-12-01 09:00:01 - UserID: 1001 - Service: Auth - Message: Login successful
[ERROR] 2024-12-01 09:05:10 - UserID: 1002 - Service: Auth - Message: Invalid password
[DEBUG] 2024-12-01 09:10:25 - Service: Payment - TransactionID: 12234 - Message: Payment processed
[WARN]  2024-12-01 09:15:30 - Service: API - Message: API deprecated version warning
[INFO]  2024-12-01 09:20:15 - UserID: 1003 - Service: Signup - Message: User registration successful
[ERROR] 2024-12-01 09:25:50 - Service: Signup - Message: Email already in use
[DEBUG] 2024-12-01 09:30:20 - Service: Notification - MessageID: 11245 - Message: Notification sent
[INFO]  2024-12-01 09:35:00 - UserID: 1005 - Service: Auth - Message: Logout successful
[ERROR] 2024-12-01 09:40:10 - Service: Auth - Message: Account locked due to too many login attempts
[DEBUG] 2024-12-01 09:45:35 - Service: Analytics - MessageID: 22345 - Message: Data processing complete
[WARN]  2024-12-01 09:50:25 - Service: Cache - Message: Cache cleared
[INFO]  2024-12-01 09:55:45 - UserID: 1010 - Service: Signup - Message: Account created successfully
[ERROR] 2024-12-01 10:00:30 - Service: API - Message: Endpoint timeout error
[DEBUG] 2024-12-01 10:05:10 - Service: Reporting - ReportID: 50001 - Message: Monthly report generated
[WARN]  2024-12-01 10:10:15 - Service: Database - Message: Database connection warning
[INFO]  2024-12-01 10:15:00 - UserID: 1015 - Service: Auth - Message: Password reset successful
[ERROR] 2024-12-01 10:20:40 - Service: Notification - MessageID: 11248 - Message: Notification delivery failed
[DEBUG] 2024-12-01 10:25:50 - Service: API - RequestID: 30325 - Message: API response sent
[WARN]  2024-12-01 10:30:10 - Service: Session - Message: Session timeout warning
[INFO]  2024-12-01 10:35:15 - UserID: 1020 - Service: Auth - Message: Login attempt from new device
[ERROR] 2024-12-01 10:40:45 - Service: Signup - Message: Username already taken
[DEBUG] 2024-12-01 10:45:20 - Service: Payment - TransactionID: 12345 - Message: Transaction verification complete
[WARN]  2024-12-01 10:50:55 - Service: Cache - Message: Cache overflow warning
[INFO]  2024-12-01 10:55:10 - UserID: 1025 - Service: Reporting - Message: Data report export completed
[ERROR] 2024-12-01 11:00:45 - Service: Notification - MessageID: 11266 - Message: Failed to send alert
[DEBUG] 2024-12-01 11:05:30 - Service: Analytics - MessageID: 50012 - Message: Analytics data updated
[WARN]  2024-12-01 11:10:40 - Service: Database - Message: Connection pool exhausted
[INFO]  2024-12-01 11:15:55 - UserID: 1030 - Service: Auth - Message: Multi-factor authentication enabled
[ERROR] 2024-12-01 11:20:15 - Service: API - Message: Service unavailable error
[DEBUG] 2024-12-01 11:25:50 - Service: Payment - TransactionID: 20210 - Message: Refund processed
[WARN]  2024-12-01 11:30:05 - Service: Session - Message: Session token expired
[INFO]  2024-12-01 11:35:15 - UserID: 1035 - Service: Signup - Message: User successfully registered
[ERROR] 2024-12-01 11:40:45 - Service: Notification - MessageID: 11345 - Message: Failed delivery
[DEBUG] 2024-12-01 11:45:10 - Service: API - RequestID: 50555 - Message: Successful response

